# JRE version: Java(TM) SE Runtime Environment (11.0.2+9) (build 11.0.2+9-LTS)
# Java VM: Java HotSpot(TM) 64-Bit Server VM (11.0.2+9-LTS, mixed mode, tiered, compressed oops, g1 gc, windows-amd64)
Heap:
 garbage-first heap   total 315392K, used 61799K [0x0000000701c00000, 0x0000000800000000)
  region size 1024K, 20 young (20480K), 17 survivors (17408K)
 Metaspace       used 47292K, capacity 48537K, committed 48796K, reserved 1093632K
  class space    used 4863K, capacity 5338K, committed 5452K, reserved 1048576K
GC Heap History (10 events):
Event: 6.306 GC heap before
{Heap before GC invocations=4 (full 0):
 garbage-first heap   total 262144K, used 158983K [0x0000000701c00000, 0x0000000800000000)
  region size 1024K, 153 young (156672K), 8 survivors (8192K)
 Metaspace       used 28322K, capacity 28910K, committed 28976K, reserved 1075200K
  class space    used 2963K, capacity 3162K, committed 3200K, reserved 1048576K
}
Event: 6.322 GC heap after
{Heap after GC invocations=5 (full 0):
 garbage-first heap   total 262144K, used 20053K [0x0000000701c00000, 0x0000000800000000)
  region size 1024K, 17 young (17408K), 17 survivors (17408K)
 Metaspace       used 28322K, capacity 28910K, committed 28976K, reserved 1075200K
  class space    used 2963K, capacity 3162K, committed 3200K, reserved 1048576K
}
Event: 8.001 GC heap before
{Heap before GC invocations=5 (full 0):
 garbage-first heap   total 262144K, used 136789K [0x0000000701c00000, 0x0000000800000000)
  region size 1024K, 84 young (86016K), 17 survivors (17408K)
 Metaspace       used 35092K, capacity 35830K, committed 35920K, reserved 1081344K
  class space    used 3763K, capacity 4069K, committed 4096K, reserved 1048576K
}
Event: 8.029 GC heap after
{Heap after GC invocations=6 (full 0):
 garbage-first heap   total 262144K, used 24236K [0x0000000701c00000, 0x0000000800000000)
  region size 1024K, 14 young (14336K), 14 survivors (14336K)
 Metaspace       used 35092K, capacity 35830K, committed 35920K, reserved 1081344K
  class space    used 3763K, capacity 4069K, committed 4096K, reserved 1048576K
}
Event: 10.124 GC heap before
{Heap before GC invocations=7 (full 0):
 garbage-first heap   total 262144K, used 166572K [0x0000000701c00000, 0x0000000800000000)
  region size 1024K, 153 young (156672K), 14 survivors (14336K)
 Metaspace       used 40893K, capacity 41815K, committed 41884K, reserved 1087488K
  class space    used 4289K, capacity 4637K, committed 4684K, reserved 1048576K
}
Event: 10.176 GC heap after
{Heap after GC invocations=8 (full 0):
 garbage-first heap   total 315392K, used 43890K [0x0000000701c00000, 0x0000000800000000)
  region size 1024K, 20 young (20480K), 20 survivors (20480K)
 Metaspace       used 40893K, capacity 41815K, committed 41884K, reserved 1087488K
  class space    used 4289K, capacity 4637K, committed 4684K, reserved 1048576K
}
Event: 11.196 GC heap before
{Heap before GC invocations=9 (full 0):
 garbage-first heap   total 315392K, used 211826K [0x0000000701c00000, 0x0000000800000000)
  region size 1024K, 184 young (188416K), 20 survivors (20480K)
 Metaspace       used 41478K, capacity 42413K, committed 42652K, reserved 1087488K
  class space    used 4300K, capacity 4648K, committed 4684K, reserved 1048576K
}
Event: 11.210 GC heap after
{Heap after GC invocations=10 (full 0):
 garbage-first heap   total 315392K, used 46570K [0x0000000701c00000, 0x0000000800000000)
  region size 1024K, 3 young (3072K), 3 survivors (3072K)
 Metaspace       used 41478K, capacity 42413K, committed 42652K, reserved 1087488K
  class space    used 4300K, capacity 4648K, committed 4684K, reserved 1048576K
}
Event: 14.642 GC heap before
{Heap before GC invocations=10 (full 0):
 garbage-first heap   total 315392K, used 223722K [0x0000000701c00000, 0x0000000800000000)
  region size 1024K, 177 young (181248K), 3 survivors (3072K)
 Metaspace       used 47280K, capacity 48470K, committed 48796K, reserved 1093632K
  class space    used 4861K, capacity 5337K, committed 5452K, reserved 1048576K
}
Event: 14.656 GC heap after
{Heap after GC invocations=11 (full 0):
 garbage-first heap   total 315392K, used 60775K [0x0000000701c00000, 0x0000000800000000)
  region size 1024K, 17 young (17408K), 17 survivors (17408K)
 Metaspace       used 47280K, capacity 48470K, committed 48796K, reserved 1093632K
  class space    used 4861K, capacity 5337K, committed 5452K, reserved 1048576K
}

