# JRE version: Java(TM) SE Runtime Environment (11.0.2+9) (build 11.0.2+9-LTS)
# Java VM: Java HotSpot(TM) 64-Bit Server VM (11.0.2+9-LTS, mixed mode, tiered, compressed oops, g1 gc, windows-amd64)
Heap:
 garbage-first heap   total 315392K, used 52842K [0x0000000701c00000, 0x0000000800000000)
  region size 1024K, 41 young (41984K), 12 survivors (12288K)
 Metaspace       used 48838K, capacity 50534K, committed 50816K, reserved 1093632K
  class space    used 6007K, capacity 6668K, committed 6784K, reserved 1048576K
GC Heap History (10 events):
Event: 3.020 GC heap before
{Heap before GC invocations=4 (full 0):
 garbage-first heap   total 262144K, used 73536K [0x0000000701c00000, 0x0000000800000000)
  region size 1024K, 66 young (67584K), 3 survivors (3072K)
 Metaspace       used 27645K, capacity 28630K, committed 28800K, reserved 1075200K
  class space    used 3311K, capacity 3690K, committed 3712K, reserved 1048576K
}
Event: 3.026 GC heap after
{Heap after GC invocations=5 (full 0):
 garbage-first heap   total 262144K, used 12861K [0x0000000701c00000, 0x0000000800000000)
  region size 1024K, 6 young (6144K), 6 survivors (6144K)
 Metaspace       used 27645K, capacity 28630K, committed 28800K, reserved 1075200K
  class space    used 3311K, capacity 3690K, committed 3712K, reserved 1048576K
}
Event: 3.973 GC heap before
{Heap before GC invocations=5 (full 0):
 garbage-first heap   total 262144K, used 93757K [0x0000000701c00000, 0x0000000800000000)
  region size 1024K, 86 young (88064K), 6 survivors (6144K)
 Metaspace       used 34495K, capacity 35698K, committed 35840K, reserved 1081344K
  class space    used 4217K, capacity 4739K, committed 4864K, reserved 1048576K
}
Event: 3.989 GC heap after
{Heap after GC invocations=6 (full 0):
 garbage-first heap   total 262144K, used 16708K [0x0000000701c00000, 0x0000000800000000)
  region size 1024K, 10 young (10240K), 10 survivors (10240K)
 Metaspace       used 34495K, capacity 35698K, committed 35840K, reserved 1081344K
  class space    used 4217K, capacity 4739K, committed 4864K, reserved 1048576K
}
Event: 4.870 GC heap before
{Heap before GC invocations=7 (full 0):
 garbage-first heap   total 262144K, used 131396K [0x0000000701c00000, 0x0000000800000000)
  region size 1024K, 123 young (125952K), 10 survivors (10240K)
 Metaspace       used 40742K, capacity 42276K, committed 42496K, reserved 1085440K
  class space    used 5040K, capacity 5629K, committed 5632K, reserved 1048576K
}
Event: 4.881 GC heap after
{Heap after GC invocations=8 (full 0):
 garbage-first heap   total 262144K, used 22721K [0x0000000701c00000, 0x0000000800000000)
  region size 1024K, 14 young (14336K), 14 survivors (14336K)
 Metaspace       used 40742K, capacity 42276K, committed 42496K, reserved 1085440K
  class space    used 5040K, capacity 5629K, committed 5632K, reserved 1048576K
}
Event: 34.274 GC heap before
{Heap before GC invocations=8 (full 0):
 garbage-first heap   total 262144K, used 164033K [0x0000000701c00000, 0x0000000800000000)
  region size 1024K, 153 young (156672K), 14 survivors (14336K)
 Metaspace       used 43364K, capacity 44977K, committed 45312K, reserved 1089536K
  class space    used 5394K, capacity 6035K, committed 6144K, reserved 1048576K
}
Event: 34.282 GC heap after
{Heap after GC invocations=9 (full 0):
 garbage-first heap   total 315392K, used 22695K [0x0000000701c00000, 0x0000000800000000)
  region size 1024K, 11 young (11264K), 11 survivors (11264K)
 Metaspace       used 43364K, capacity 44977K, committed 45312K, reserved 1089536K
  class space    used 5394K, capacity 6035K, committed 6144K, reserved 1048576K
}
Event: 112.493 GC heap before
{Heap before GC invocations=9 (full 0):
 garbage-first heap   total 315392K, used 199847K [0x0000000701c00000, 0x0000000800000000)
  region size 1024K, 184 young (188416K), 11 survivors (11264K)
 Metaspace       used 48743K, capacity 50356K, committed 50432K, reserved 1093632K
  class space    used 5989K, capacity 6650K, committed 6656K, reserved 1048576K
}
Event: 112.503 GC heap after
{Heap after GC invocations=10 (full 0):
 garbage-first heap   total 315392K, used 24170K [0x0000000701c00000, 0x0000000800000000)
  region size 1024K, 12 young (12288K), 12 survivors (12288K)
 Metaspace       used 48743K, capacity 50356K, committed 50432K, reserved 1093632K
  class space    used 5989K, capacity 6650K, committed 6656K, reserved 1048576K
}

